
================================================================
======== txAdmin Starting - 7/3/2024, 12:24:20 AM               
================================================================
[12:44:32 AM] txAdmin: Logger started
[1:15:39 AM] txAdmin: Logger started
[7:53:11 AM] txAdmin: Logger started
[8:05:21 AM] [ikAdt#1] MUDDING UNDERGROUND: joined with identifiers [license:ef280664ee7f2ffb41791ba79eeb6ae3a83adab0; license2:ef280664ee7f2ffb41791ba79eeb6ae3a83adab0]
[8:09:25 AM] [ikAdt#1] MUDDING UNDERGROUND: said "/-chatac"
[8:11:09 AM] [ikAdt#1] MUDDING UNDERGROUND: said "/-plist_drag"
[8:12:29 AM] [ikAdt#1] MUDDING UNDERGROUND: disconnected (Exiting)
[8:13:09 AM] [ikAdt#2] MUDDING UNDERGROUND: joined with identifiers [license:ef280664ee7f2ffb41791ba79eeb6ae3a83adab0; license2:ef280664ee7f2ffb41791ba79eeb6ae3a83adab0]
[8:14:44 AM] [ikAdt#2] MUDDING UNDERGROUND: said "/-chatac"
[8:14:54 AM] [ikAdt#2] MUDDING UNDERGROUND: said "/-chatac"
[8:14:59 AM] [ikAdt#2] MUDDING UNDERGROUND: said "/-chatac"
[8:15:10 AM] [ikAdt#2] MUDDING UNDERGROUND: said "/-chatac"
[8:16:15 AM] [ikAdt#2] MUDDING UNDERGROUND: said "/-plist_drag"
[8:16:17 AM] [ikAdt#2] MUDDING UNDERGROUND: said "/-plist_drag"
[8:16:19 AM] [ikAdt#2] MUDDING UNDERGROUND: said "/-plist_drag"
[8:17:04 AM] [ikAdt#2] MUDDING UNDERGROUND: disconnected (Exiting)
[8:18:02 AM] [ikAdt#3] MUDDING UNDERGROUND: joined with identifiers [steam:11000016171c115; license:ef280664ee7f2ffb41791ba79eeb6ae3a83adab0; license2:ef280664ee7f2ffb41791ba79eeb6ae3a83adab0]
[8:19:17 AM] [ikAdt#3] MUDDING UNDERGROUND: said "/-chatac"
[8:19:58 AM] [ikAdt#3] MUDDING UNDERGROUND: said "/-chatac"
[8:20:03 AM] [ikAdt#3] MUDDING UNDERGROUND: said "/-chatac"
[8:20:27 AM] [ikAdt#3] MUDDING UNDERGROUND: said "/-plist_drag"
[8:20:32 AM] [ikAdt#3] MUDDING UNDERGROUND: said "/-chatac"
[8:20:33 AM] [ikAdt#3] MUDDING UNDERGROUND: said "/-chatac"
[8:21:14 AM] [ikAdt#3] MUDDING UNDERGROUND: said "/-chatac"
[8:21:25 AM] [ikAdt#3] MUDDING UNDERGROUND: said "/-chatac"
[8:21:29 AM] [ikAdt#3] MUDDING UNDERGROUND: said "/additem 1 phone"
[8:22:19 AM] [ikAdt#3] MUDDING UNDERGROUND: said "/-chatac"
[8:22:29 AM] [ikAdt#3] MUDDING UNDERGROUND: said "/-chatac"
[8:22:31 AM] [ikAdt#3] MUDDING UNDERGROUND: said "/-chatac"
[8:22:32 AM] [ikAdt#3] MUDDING UNDERGROUND: said "/-chatac"
[8:22:41 AM] [ikAdt#3] MUDDING UNDERGROUND: said "/-chatac"
[8:22:45 AM] [ikAdt#3] MUDDING UNDERGROUND: said "/-chatac"
[8:22:57 AM] [ikAdt#3] MUDDING UNDERGROUND: said "/-chatac"
[8:24:05 AM] [ikAdt#3] MUDDING UNDERGROUND: said "/-chatac"
[8:24:11 AM] [ikAdt#3] MUDDING UNDERGROUND: said "/-chatac"
[8:24:17 AM] [ikAdt#3] MUDDING UNDERGROUND: said "/cash"
[8:24:17 AM] [ikAdt#3] MUDDING UNDERGROUND: said "/-chatac"
[8:24:42 AM] [ikAdt#3] MUDDING UNDERGROUND: said "/-chatac"
[8:24:43 AM] [ikAdt#3] MUDDING UNDERGROUND: said "/fps"
[8:24:44 AM] [ikAdt#3] MUDDING UNDERGROUND: said "/-chatac"
[8:24:55 AM] [ikAdt#3] MUDDING UNDERGROUND: said "/-chatac"
[8:25:56 AM] [ikAdt#3] MUDDING UNDERGROUND: said "/-plist_drag"
[8:25:56 AM] [ikAdt#3] MUDDING UNDERGROUND: said "/-plist_drag"
[8:26:04 AM] [ikAdt#3] MUDDING UNDERGROUND: said "/-plist_drag"
[8:26:24 AM] [ikAdt#3] MUDDING UNDERGROUND: disconnected (Exiting)
[8:29:52 AM] [ikAdt#4] MUDDING UNDERGROUND: joined with identifiers [steam:11000016171c115; license:ef280664ee7f2ffb41791ba79eeb6ae3a83adab0; license2:ef280664ee7f2ffb41791ba79eeb6ae3a83adab0]
[8:31:51 AM] [ikAdt#4] MUDDING UNDERGROUND: said "/-chatac"
[8:31:52 AM] [ikAdt#4] MUDDING UNDERGROUND: said "/-chatac"
[8:32:25 AM] [ikAdt#4] MUDDING UNDERGROUND: said "/-chatac"
[8:32:58 AM] [ikAdt#4] MUDDING UNDERGROUND: said "/-chatac"
[8:32:59 AM] [ikAdt#4] MUDDING UNDERGROUND: said "/admin"
[8:33:00 AM] [ikAdt#4] MUDDING UNDERGROUND: said "/-chatac"
[8:33:22 AM] [ikAdt#4] MUDDING UNDERGROUND: said "/-chatac"
[8:33:23 AM] [ikAdt#4] MUDDING UNDERGROUND: said "/-chatac"
[8:33:29 AM] [ikAdt#4] MUDDING UNDERGROUND: said "/-chatac"
[8:33:37 AM] [ikAdt#4] MUDDING UNDERGROUND: said "/-chatac"
[8:33:45 AM] [ikAdt#4] MUDDING UNDERGROUND: said "/-chatac"
[8:33:50 AM] [ikAdt#4] MUDDING UNDERGROUND: said "/-chatac"
[8:34:05 AM] [ikAdt#4] MUDDING UNDERGROUND: said "/-plist_drag"
[8:34:05 AM] [ikAdt#4] MUDDING UNDERGROUND: said "/-plist_drag"
[8:34:05 AM] [ikAdt#4] MUDDING UNDERGROUND: said "/-plist_drag"
[8:37:25 AM] [ikAdt#4] MUDDING UNDERGROUND: said "/-chatac"
[8:38:09 AM] [ikAdt#4] MUDDING UNDERGROUND: said "/-chat"
[8:38:17 AM] [ikAdt#4] MUDDING UNDERGROUND: said "/-chat"
[8:38:21 AM] [ikAdt#4] MUDDING UNDERGROUND: said "/-chat"
[8:38:58 AM] [ikAdt#4] MUDDING UNDERGROUND: said "/-chat"
[8:39:03 AM] [ikAdt#4] MUDDING UNDERGROUND: said "/-plist_drag"
[8:39:51 AM] [ikAdt#4] MUDDING UNDERGROUND: said "/-chat"
[8:39:59 AM] [ikAdt#4] MUDDING UNDERGROUND: said "/-chat"
[8:40:02 AM] [ikAdt#4] MUDDING UNDERGROUND: said "/cash"
[8:40:06 AM] [ikAdt#4] MUDDING UNDERGROUND: said "/-chat"
[8:40:09 AM] [ikAdt#4] MUDDING UNDERGROUND: said "/-chat"
[8:40:12 AM] [ikAdt#4] MUDDING UNDERGROUND: said "/bank"
[8:40:16 AM] [ikAdt#4] MUDDING UNDERGROUND: disconnected (Exiting)
[8:49:51 AM] txAdmin: Logger started
[8:51:45 AM] [jkqwH#1] MUDDING UNDERGROUND: joined with identifiers [steam:11000016171c115; license:ef280664ee7f2ffb41791ba79eeb6ae3a83adab0; license2:ef280664ee7f2ffb41791ba79eeb6ae3a83adab0]
[8:53:57 AM] [jkqwH#1] MUDDING UNDERGROUND: said "/-chat"
[8:54:04 AM] [jkqwH#1] MUDDING UNDERGROUND: said "/-chat"
[8:54:10 AM] [jkqwH#1] MUDDING UNDERGROUND: said "/-chat"
[8:54:19 AM] [jkqwH#1] MUDDING UNDERGROUND: said "/-chat"
[8:54:26 AM] [jkqwH#1] MUDDING UNDERGROUND: said "/-chat"
[8:54:48 AM] [jkqwH#1] MUDDING UNDERGROUND: said "/-chat"
[8:54:55 AM] [jkqwH#1] MUDDING UNDERGROUND: said "/-chat"
[8:55:39 AM] [jkqwH#1] MUDDING UNDERGROUND: said "/-chat"
[8:55:52 AM] [jkqwH#1] MUDDING UNDERGROUND: died from suicide (Falling)
[8:56:00 AM] [jkqwH#1] MUDDING UNDERGROUND: said "/-chat"
[8:56:49 AM] [jkqwH#1] MUDDING UNDERGROUND: said "/-plist_drag"
[8:56:51 AM] [jkqwH#1] MUDDING UNDERGROUND: said "/-plist_drag"
[8:56:52 AM] [jkqwH#1] MUDDING UNDERGROUND: said "/-plist_drag"
[8:56:52 AM] [jkqwH#1] MUDDING UNDERGROUND: said "/-plist_drag"
[8:57:02 AM] [jkqwH#1] MUDDING UNDERGROUND: said "/-chat"
[8:57:21 AM] [jkqwH#1] MUDDING UNDERGROUND: disconnected (Exiting)
[9:08:23 AM] txAdmin: Logger started
[9:09:15 AM] [LRJpQ#1] MUDDING UNDERGROUND: joined with identifiers [steam:11000016171c115; license:ef280664ee7f2ffb41791ba79eeb6ae3a83adab0; license2:ef280664ee7f2ffb41791ba79eeb6ae3a83adab0]
[9:12:07 AM] [LRJpQ#1] MUDDING UNDERGROUND: disconnected (Server->client connection timed out. Last seen 41916 msec ago.)
[9:13:27 AM] [LRJpQ#2] MUDDING UNDERGROUND: joined with identifiers [steam:11000016171c115; license:ef280664ee7f2ffb41791ba79eeb6ae3a83adab0; license2:ef280664ee7f2ffb41791ba79eeb6ae3a83adab0]
[9:14:56 AM] [LRJpQ#2] MUDDING UNDERGROUND: said "/-plist_drag"
[9:15:00 AM] [LRJpQ#2] MUDDING UNDERGROUND: said "/-chat"
[9:15:06 AM] [LRJpQ#2] MUDDING UNDERGROUND: said "/additem radio 1"
[9:15:11 AM] [LRJpQ#2] MUDDING UNDERGROUND: said "/-chat"
[9:15:18 AM] [LRJpQ#2] MUDDING UNDERGROUND: said "/-chat"
[9:15:24 AM] [LRJpQ#2] MUDDING UNDERGROUND: said "/-chat"
[9:15:55 AM] [LRJpQ#2] MUDDING UNDERGROUND: said "/-chat"
[9:16:26 AM] [LRJpQ#2] MUDDING UNDERGROUND: said "/-chat"
[9:16:43 AM] [LRJpQ#2] MUDDING UNDERGROUND: said "/-chat"
[9:17:23 AM] [LRJpQ#2] MUDDING UNDERGROUND: said "/-chat"
[9:17:28 AM] [LRJpQ#2] MUDDING UNDERGROUND: said "/-chat"
[9:17:30 AM] [LRJpQ#2] MUDDING UNDERGROUND: said "/-chat"
[9:17:31 AM] [LRJpQ#2] MUDDING UNDERGROUND: said "/noclip"
[9:17:46 AM] [LRJpQ#2] MUDDING UNDERGROUND: died from suicide (Falling)
[9:17:46 AM] [LRJpQ#2] MUDDING UNDERGROUND: said "/-chat"
[9:18:10 AM] [LRJpQ#2] MUDDING UNDERGROUND: died from suicide
[9:18:10 AM] [LRJpQ#2] MUDDING UNDERGROUND: said "/-chat"
[9:18:40 AM] [LRJpQ#2] MUDDING UNDERGROUND: said "/-chat"
[9:18:43 AM] [LRJpQ#2] MUDDING UNDERGROUND: said "/-chat"
[9:18:45 AM] [LRJpQ#2] MUDDING UNDERGROUND: said "/-chat"
[9:18:50 AM] [LRJpQ#2] MUDDING UNDERGROUND: said "/-chat"
[9:18:55 AM] [LRJpQ#2] MUDDING UNDERGROUND: said "/-chat"
[9:19:04 AM] [LRJpQ#2] MUDDING UNDERGROUND: said "/-chat"
[9:19:36 AM] [LRJpQ#2] MUDDING UNDERGROUND: said "/-chat"
[9:19:47 AM] [LRJpQ#2] MUDDING UNDERGROUND: said "/-chat"
[9:21:25 AM] [LRJpQ#2] MUDDING UNDERGROUND: said "/-chat"
[9:21:32 AM] [LRJpQ#2] MUDDING UNDERGROUND: said "/-chat"
[9:23:14 AM] [LRJpQ#2] MUDDING UNDERGROUND: said "/-chat"
[9:23:21 AM] [LRJpQ#2] MUDDING UNDERGROUND: said "/-chat"
[9:23:37 AM] [LRJpQ#2] MUDDING UNDERGROUND: said "/-chat"
[9:23:43 AM] [LRJpQ#2] MUDDING UNDERGROUND: said "/-chat"
[9:23:48 AM] [LRJpQ#2] MUDDING UNDERGROUND: said "/furniture"
[9:26:10 AM] [LRJpQ#2] MUDDING UNDERGROUND: said "/-chat"
[9:26:50 AM] [LRJpQ#2] MUDDING UNDERGROUND: said "/-chat"
[9:27:20 AM] [LRJpQ#2] MUDDING UNDERGROUND: said "/-chat"
[9:31:53 AM] [LRJpQ#2] MUDDING UNDERGROUND: said "/-chat"
[9:32:47 AM] [LRJpQ#2] MUDDING UNDERGROUND: said "/-chat"
[9:33:10 AM] [LRJpQ#2] MUDDING UNDERGROUND: said "/-chat"
[9:33:18 AM] [LRJpQ#2] MUDDING UNDERGROUND: said "/-chat"
[9:35:01 AM] [LRJpQ#2] MUDDING UNDERGROUND: said "/-chat"
[9:35:10 AM] [LRJpQ#2] MUDDING UNDERGROUND: said "/-chat"
[9:35:14 AM] [LRJpQ#2] MUDDING UNDERGROUND: said "/outfit"
[9:35:16 AM] [LRJpQ#2] MUDDING UNDERGROUND: said "/-chat"
[9:35:35 AM] [LRJpQ#2] MUDDING UNDERGROUND: said "/-chat"
[9:42:39 AM] [LRJpQ#2] MUDDING UNDERGROUND: disconnected (Exiting)
